<?xml version="1.0" encoding="UTF-8"?>
<!-- Generated by org.testng.reporters.JUnitXMLReporter -->
<testsuite hostname="DESKTOP-HUOROU4" name="Tools QA" tests="17" failures="1" timestamp="30 Apr 2017 09:30:41 GMT" time="537.282" errors="0">
  <testcase name="main" time="1.436" classname="login.Login"/>
  <testcase name="main" time="8.322" classname="login.RememberUser"/>
  <testcase name="main" time="5.742" classname="profile.PersonalDataChange"/>
  <testcase name="main" time="1.428" classname="profile.ScreenLock"/>
  <testcase name="main" time="6.557" classname="people.PrivatePerson"/>
  <testcase name="main" time="11.687" classname="transactions.Sale"/>
  <testcase name="main" time="57.958" classname="transactions.Purchase"/>
  <testcase name="main" time="36.945" classname="goods.AddProduct"/>
  <testcase name="main" time="25.545" classname="goods.AddCategory"/>
  <testcase name="main" time="10.135" classname="salesPlaces.AddTable"/>
  <testcase name="main" time="6.039" classname="salesPlaces.CountProductsAndPersonal"/>
  <testcase name="main" time="75.607" classname="cassa.AddProductToCassa"/>
  <testcase name="main" time="4.351" classname="cassa.EmptyCheckOutError"/>
  <testcase name="main" time="3.356" classname="cassa.ScreenLockCassa"/>
  <testcase name="main" time="17.051" classname="cassa.ProductDiscount"/>
  <testcase name="main" time="7.103" classname="cash.AddCashToCassa">
    <failure type="org.openqa.selenium.WebDriverException" message="unknown error: Element &amp;lt;button type=&amp;quot;button&amp;quot; class=&amp;quot;close&amp;quot; data-dismiss=&amp;quot;modal&amp;quot; aria-label=&amp;quot;Close&amp;quot;&amp;gt;...&amp;lt;/button&amp;gt; is not clickable at point (1038, 51). Other element would receive the click: &amp;lt;div class=&amp;quot;modal-backdrop fade in&amp;quot;&amp;gt;&amp;lt;/div&amp;gt;
  (Session info: chrome=57.0.2987.133)
  (Driver info: chromedriver=2.27.440174 (e97a722caafc2d3a8b807ee115bfb307f7d2cfd9),platform=Windows NT 10.0.14393 x86_64) (WARNING: The server did not provide any stacktrace information)
Command duration or timeout: 272 milliseconds
Build info: version: &amp;apos;unknown&amp;apos;, revision: &amp;apos;unknown&amp;apos;, time: &amp;apos;unknown&amp;apos;
System info: host: &amp;apos;DESKTOP-HUOROU4&amp;apos;, ip: &amp;apos;192.168.43.167&amp;apos;, os.name: &amp;apos;Windows 10&amp;apos;, os.arch: &amp;apos;amd64&amp;apos;, os.version: &amp;apos;10.0&amp;apos;, java.version: &amp;apos;1.8.0_121&amp;apos;
Driver info: org.openqa.selenium.chrome.ChromeDriver
Capabilities [{applicationCacheEnabled=false, rotatable=false, mobileEmulationEnabled=false, networkConnectionEnabled=false, chrome={chromedriverVersion=2.27.440174 (e97a722caafc2d3a8b807ee115bfb307f7d2cfd9), userDataDir=C:\Users\Roman\AppData\Local\Temp\scoped_dir18144_5870}, takesHeapSnapshot=true, pageLoadStrategy=normal, databaseEnabled=false, handlesAlerts=true, hasTouchScreen=false, version=57.0.2987.133, platform=XP, browserConnectionEnabled=false, nativeEvents=true, acceptSslCerts=true, locationContextEnabled=true, webStorageEnabled=true, browserName=chrome, takesScreenshot=true, javascriptEnabled=true, cssSelectorsEnabled=true, unexpectedAlertBehaviour=}]
Session ID: 66510c69686184777f3a3cf130067411">
      <![CDATA[org.openqa.selenium.WebDriverException: unknown error: Element <button type="button" class="close" data-dismiss="modal" aria-label="Close">...</button> is not clickable at point (1038, 51). Other element would receive the click: <div class="modal-backdrop fade in"></div>
  (Session info: chrome=57.0.2987.133)
  (Driver info: chromedriver=2.27.440174 (e97a722caafc2d3a8b807ee115bfb307f7d2cfd9),platform=Windows NT 10.0.14393 x86_64) (WARNING: The server did not provide any stacktrace information)
Command duration or timeout: 272 milliseconds
Build info: version: 'unknown', revision: 'unknown', time: 'unknown'
System info: host: 'DESKTOP-HUOROU4', ip: '192.168.43.167', os.name: 'Windows 10', os.arch: 'amd64', os.version: '10.0', java.version: '1.8.0_121'
Driver info: org.openqa.selenium.chrome.ChromeDriver
Capabilities [{applicationCacheEnabled=false, rotatable=false, mobileEmulationEnabled=false, networkConnectionEnabled=false, chrome={chromedriverVersion=2.27.440174 (e97a722caafc2d3a8b807ee115bfb307f7d2cfd9), userDataDir=C:\Users\Roman\AppData\Local\Temp\scoped_dir18144_5870}, takesHeapSnapshot=true, pageLoadStrategy=normal, databaseEnabled=false, handlesAlerts=true, hasTouchScreen=false, version=57.0.2987.133, platform=XP, browserConnectionEnabled=false, nativeEvents=true, acceptSslCerts=true, locationContextEnabled=true, webStorageEnabled=true, browserName=chrome, takesScreenshot=true, javascriptEnabled=true, cssSelectorsEnabled=true, unexpectedAlertBehaviour=}]
Session ID: 66510c69686184777f3a3cf130067411
	at org.openqa.selenium.remote.ErrorHandler.createThrowable(ErrorHandler.java:215)
	at org.openqa.selenium.remote.ErrorHandler.throwIfResponseFailed(ErrorHandler.java:167)
	at org.openqa.selenium.remote.RemoteWebDriver.execute(RemoteWebDriver.java:671)
	at org.openqa.selenium.remote.RemoteWebElement.execute(RemoteWebElement.java:272)
	at org.openqa.selenium.remote.RemoteWebElement.click(RemoteWebElement.java:82)
	at cash.AddCashToCassa.main(AddCashToCassa.java:40)
... Removed 28 stack frames]]>
    </failure>
  </testcase> <!-- main -->
  <testcase name="main" time="49.706" classname="cassa.TwoTablesAtOncePlusSalesDay"/>
</testsuite> <!-- Tools QA -->
