<?xml version="1.0" encoding="UTF-8"?>
<!-- Generated by org.testng.reporters.JUnitXMLReporter -->
<testsuite hostname="DESKTOP-HUOROU4" name="Tools QA2" tests="13" failures="1" timestamp="29 Mar 2017 10:21:38 GMT" time="775.786" errors="0">
  <testcase name="main" time="0.819" classname="login.Login"/>
  <testcase name="main" time="7.285" classname="profile.PersonalDataChange"/>
  <testcase name="main" time="0.776" classname="profile.ScreenLock"/>
  <testcase name="main" time="3.683" classname="people.PrivatePerson">
    <failure type="org.openqa.selenium.WebDriverException" message="unknown error: Element &amp;lt;button type=&amp;quot;submit&amp;quot; name=&amp;quot;save&amp;quot; class=&amp;quot;btn btn-danger waves-effect waves-light&amp;quot;&amp;gt;...&amp;lt;/button&amp;gt; is not clickable at point (634, 236). Other element would receive the click: &amp;lt;div class=&amp;quot;modal-backdrop fade in&amp;quot;&amp;gt;&amp;lt;/div&amp;gt;
  (Session info: chrome=56.0.2924.87)
  (Driver info: chromedriver=2.27.440174 (e97a722caafc2d3a8b807ee115bfb307f7d2cfd9),platform=Windows NT 10.0.14393 x86_64) (WARNING: The server did not provide any stacktrace information)
Command duration or timeout: 88 milliseconds
Build info: version: &amp;apos;unknown&amp;apos;, revision: &amp;apos;8c03df6&amp;apos;, time: &amp;apos;2017-03-02 09:30:17 -0800&amp;apos;
System info: host: &amp;apos;DESKTOP-HUOROU4&amp;apos;, ip: &amp;apos;192.168.1.159&amp;apos;, os.name: &amp;apos;Windows 10&amp;apos;, os.arch: &amp;apos;amd64&amp;apos;, os.version: &amp;apos;10.0&amp;apos;, java.version: &amp;apos;1.8.0_121&amp;apos;
Driver info: org.openqa.selenium.chrome.ChromeDriver
Capabilities [{applicationCacheEnabled=false, rotatable=false, mobileEmulationEnabled=false, networkConnectionEnabled=false, chrome={chromedriverVersion=2.27.440174 (e97a722caafc2d3a8b807ee115bfb307f7d2cfd9), userDataDir=C:\Users\Roman\AppData\Local\Temp\scoped_dir21860_15372}, takesHeapSnapshot=true, pageLoadStrategy=normal, databaseEnabled=false, handlesAlerts=true, hasTouchScreen=false, version=56.0.2924.87, platform=XP, browserConnectionEnabled=false, nativeEvents=true, acceptSslCerts=true, locationContextEnabled=true, webStorageEnabled=true, browserName=chrome, takesScreenshot=true, javascriptEnabled=true, cssSelectorsEnabled=true, unexpectedAlertBehaviour=}]
Session ID: 2528e3b143ecac2cc53b5b6b884eaade">
      <![CDATA[org.openqa.selenium.WebDriverException: unknown error: Element <button type="submit" name="save" class="btn btn-danger waves-effect waves-light">...</button> is not clickable at point (634, 236). Other element would receive the click: <div class="modal-backdrop fade in"></div>
  (Session info: chrome=56.0.2924.87)
  (Driver info: chromedriver=2.27.440174 (e97a722caafc2d3a8b807ee115bfb307f7d2cfd9),platform=Windows NT 10.0.14393 x86_64) (WARNING: The server did not provide any stacktrace information)
Command duration or timeout: 88 milliseconds
Build info: version: 'unknown', revision: '8c03df6', time: '2017-03-02 09:30:17 -0800'
System info: host: 'DESKTOP-HUOROU4', ip: '192.168.1.159', os.name: 'Windows 10', os.arch: 'amd64', os.version: '10.0', java.version: '1.8.0_121'
Driver info: org.openqa.selenium.chrome.ChromeDriver
Capabilities [{applicationCacheEnabled=false, rotatable=false, mobileEmulationEnabled=false, networkConnectionEnabled=false, chrome={chromedriverVersion=2.27.440174 (e97a722caafc2d3a8b807ee115bfb307f7d2cfd9), userDataDir=C:\Users\Roman\AppData\Local\Temp\scoped_dir21860_15372}, takesHeapSnapshot=true, pageLoadStrategy=normal, databaseEnabled=false, handlesAlerts=true, hasTouchScreen=false, version=56.0.2924.87, platform=XP, browserConnectionEnabled=false, nativeEvents=true, acceptSslCerts=true, locationContextEnabled=true, webStorageEnabled=true, browserName=chrome, takesScreenshot=true, javascriptEnabled=true, cssSelectorsEnabled=true, unexpectedAlertBehaviour=}]
Session ID: 2528e3b143ecac2cc53b5b6b884eaade
	at org.openqa.selenium.remote.ErrorHandler.createThrowable(ErrorHandler.java:216)
	at org.openqa.selenium.remote.ErrorHandler.throwIfResponseFailed(ErrorHandler.java:168)
	at org.openqa.selenium.remote.RemoteWebDriver.execute(RemoteWebDriver.java:638)
	at org.openqa.selenium.remote.RemoteWebElement.execute(RemoteWebElement.java:274)
	at org.openqa.selenium.remote.RemoteWebElement.click(RemoteWebElement.java:84)
	at people.PrivatePerson.main(PrivatePerson.java:49)
... Removed 28 stack frames]]>
    </failure>
  </testcase> <!-- main -->
  <testcase name="main" time="7.786" classname="transactions.Sale"/>
  <testcase name="main" time="93.67" classname="transactions.Purchase"/>
  <testcase name="main" time="118.388" classname="goods.AddProduct"/>
  <testcase name="main" time="114.469" classname="goods.AddCategory"/>
  <testcase name="main" time="10.384" classname="salesPlaces.AddTable"/>
  <testcase name="main" time="27.376" classname="salesPlaces.CountProductsAndPersonal"/>
  <testcase name="main" time="281.828" classname="cassa.AddProductToCassa"/>
  <testcase name="main" time="3.345" classname="cassa.EmptyCheckOutError"/>
  <testcase name="main" time="1.572" classname="cassa.ScreenLockCassa"/>
</testsuite> <!-- Tools QA2 -->
